<?xml version="1.0" encoding="UTF-8"?>
<!-- Generated by org.testng.reporters.JUnitXMLReporter -->
<testsuite ignored="0" hostname="KADITPC062024-1" failures="0" tests="4" name="Test" time="18.659" errors="0" timestamp="2024-10-09T18:17:51 IST">
  <testcase classname="demoweb.DemoLog1" name="login" time="6.086"/>
  <testcase classname="demoweb.DemoLog1" name="login" time="3.175"/>
  <testcase classname="demoweb.DemoLog1" name="login" time="2.521"/>
  <testcase classname="demoweb.DemoLog1" name="login" time="2.547"/>
</testsuite> <!-- Test -->
