<?xml version="1.0" encoding="UTF-8"?>
<!-- Generated by org.testng.reporters.JUnitXMLReporter -->
<testsuite ignored="0" hostname="KADITPC062024-1" failures="0" tests="4" name="Test" time="27.168" errors="0" timestamp="2024-10-26T16:10:03 IST">
  <testcase classname="demoweb.DemoLogTest" name="login" time="11.904"/>
  <testcase classname="demoweb.DemoLogTest" name="login" time="3.537"/>
  <testcase classname="demoweb.DemoLogTest" name="login" time="3.447"/>
  <testcase classname="demoweb.DemoLogTest" name="login" time="3.227"/>
</testsuite> <!-- Test -->
