<?xml version="1.0" encoding="UTF-8"?>
<testng-results ignored="0" total="4" passed="4" failed="0" skipped="0">
  <reporter-output>
    <line>
      <![CDATA[Testing scenario: bothcorrect]]>
    </line>
    <line>
      <![CDATA[Testing scenario: bothwrong]]>
    </line>
    <line>
      <![CDATA[Actual error message: Login was unsuccessful. Please correct the errors and try again.
The credentials provided are incorrect]]>
    </line>
    <line>
      <![CDATA[Testing scenario: correctusername]]>
    </line>
    <line>
      <![CDATA[Actual error message: Login was unsuccessful. Please correct the errors and try again.
The credentials provided are incorrect]]>
    </line>
    <line>
      <![CDATA[Testing scenario: correctpassword]]>
    </line>
    <line>
      <![CDATA[Actual error message: Login was unsuccessful. Please correct the errors and try again.
The credentials provided are incorrect]]>
    </line>
  </reporter-output>
  <suite started-at="2024-10-26T16:09:36 IST" name="Suite" finished-at="2024-10-26T16:10:03 IST" duration-ms="27168">
    <groups>
    </groups>
    <test started-at="2024-10-26T16:09:36 IST" name="Test" finished-at="2024-10-26T16:10:03 IST" duration-ms="27168">
      <class name="demoweb.DemoLogTest">
        <test-method is-config="true" signature="setup()[pri:0, instance:demoweb.DemoLogTest@185a6e9]" started-at="2024-10-26T16:09:36 IST" name="setup" finished-at="2024-10-26T16:09:40 IST" duration-ms="3693" status="PASS">
          <reporter-output>
          </reporter-output>
        </test-method> <!-- setup -->
        <test-method signature="login(java.lang.String,java.lang.String,java.lang.String)[pri:0, instance:demoweb.DemoLogTest@185a6e9]" started-at="2024-10-26T16:09:40 IST" name="login" data-provider="LoginData" finished-at="2024-10-26T16:09:52 IST" duration-ms="11904" status="PASS">
          <params>
            <param index="0">
              <value>
                <![CDATA[bothcorrect]]>
              </value>
            </param>
            <param index="1">
              <value>
                <![CDATA[saranaveen1997@gmail.com]]>
              </value>
            </param>
            <param index="2">
              <value>
                <![CDATA[Saranya@1997   ]]>
              </value>
            </param>
          </params>
          <reporter-output>
            <line>
              <![CDATA[Testing scenario: bothcorrect]]>
            </line>
          </reporter-output>
        </test-method> <!-- login -->
        <test-method signature="login(java.lang.String,java.lang.String,java.lang.String)[pri:0, instance:demoweb.DemoLogTest@185a6e9]" started-at="2024-10-26T16:09:52 IST" name="login" data-provider="LoginData" finished-at="2024-10-26T16:09:55 IST" duration-ms="3537" status="PASS">
          <params>
            <param index="0">
              <value>
                <![CDATA[bothwrong]]>
              </value>
            </param>
            <param index="1">
              <value>
                <![CDATA[abc@gmail.com]]>
              </value>
            </param>
            <param index="2">
              <value>
                <![CDATA[abc@123                     ]]>
              </value>
            </param>
          </params>
          <reporter-output>
            <line>
              <![CDATA[Testing scenario: bothwrong]]>
            </line>
            <line>
              <![CDATA[Actual error message: Login was unsuccessful. Please correct the errors and try again.
The credentials provided are incorrect]]>
            </line>
          </reporter-output>
        </test-method> <!-- login -->
        <test-method signature="login(java.lang.String,java.lang.String,java.lang.String)[pri:0, instance:demoweb.DemoLogTest@185a6e9]" started-at="2024-10-26T16:09:55 IST" name="login" data-provider="LoginData" finished-at="2024-10-26T16:09:59 IST" duration-ms="3447" status="PASS">
          <params>
            <param index="0">
              <value>
                <![CDATA[correctusername]]>
              </value>
            </param>
            <param index="1">
              <value>
                <![CDATA[saranaveen1997@gmail.com]]>
              </value>
            </param>
            <param index="2">
              <value>
                <![CDATA[abc@123    ]]>
              </value>
            </param>
          </params>
          <reporter-output>
            <line>
              <![CDATA[Testing scenario: correctusername]]>
            </line>
            <line>
              <![CDATA[Actual error message: Login was unsuccessful. Please correct the errors and try again.
The credentials provided are incorrect]]>
            </line>
          </reporter-output>
        </test-method> <!-- login -->
        <test-method signature="login(java.lang.String,java.lang.String,java.lang.String)[pri:0, instance:demoweb.DemoLogTest@185a6e9]" started-at="2024-10-26T16:09:59 IST" name="login" data-provider="LoginData" finished-at="2024-10-26T16:10:02 IST" duration-ms="3227" status="PASS">
          <params>
            <param index="0">
              <value>
                <![CDATA[correctpassword]]>
              </value>
            </param>
            <param index="1">
              <value>
                <![CDATA[abc@gmail.com]]>
              </value>
            </param>
            <param index="2">
              <value>
                <![CDATA[Saranya@1997          ]]>
              </value>
            </param>
          </params>
          <reporter-output>
            <line>
              <![CDATA[Testing scenario: correctpassword]]>
            </line>
            <line>
              <![CDATA[Actual error message: Login was unsuccessful. Please correct the errors and try again.
The credentials provided are incorrect]]>
            </line>
          </reporter-output>
        </test-method> <!-- login -->
        <test-method is-config="true" signature="tearDown()[pri:0, instance:demoweb.DemoLogTest@185a6e9]" started-at="2024-10-26T16:10:02 IST" name="tearDown" finished-at="2024-10-26T16:10:03 IST" duration-ms="1262" status="PASS">
          <reporter-output>
          </reporter-output>
        </test-method> <!-- tearDown -->
      </class> <!-- demoweb.DemoLogTest -->
    </test> <!-- Test -->
  </suite> <!-- Suite -->
</testng-results>
